<?xml version="1.0" encoding="UTF-8"?>
<testsuite name="com.gustavo.estudo.graphql.GraphqlApplicationTests" tests="1" skipped="0" failures="0" errors="0" timestamp="2023-09-26T19:05:16" hostname="gustavo-Latitude-E5430-non-vPro" time="0.63">
  <properties/>
  <testcase name="contextLoads()" classname="com.gustavo.estudo.graphql.GraphqlApplicationTests" time="0.63"/>
  <system-out><![CDATA[16:05:12.856 [Test worker] DEBUG org.springframework.test.context.BootstrapUtils - Instantiating CacheAwareContextLoaderDelegate from class [org.springframework.test.context.cache.DefaultCacheAwareContextLoaderDelegate]
16:05:12.868 [Test worker] DEBUG org.springframework.test.context.BootstrapUtils - Instantiating BootstrapContext using constructor [public org.springframework.test.context.support.DefaultBootstrapContext(java.lang.Class,org.springframework.test.context.CacheAwareContextLoaderDelegate)]
16:05:12.921 [Test worker] DEBUG org.springframework.test.context.BootstrapUtils - Instantiating TestContextBootstrapper for test class [com.gustavo.estudo.graphql.GraphqlApplicationTests] from class [org.springframework.boot.test.context.SpringBootTestContextBootstrapper]
16:05:12.934 [Test worker] INFO org.springframework.boot.test.context.SpringBootTestContextBootstrapper - Neither @ContextConfiguration nor @ContextHierarchy found for test class [com.gustavo.estudo.graphql.GraphqlApplicationTests], using SpringBootContextLoader
16:05:12.939 [Test worker] DEBUG org.springframework.test.context.support.AbstractContextLoader - Did not detect default resource location for test class [com.gustavo.estudo.graphql.GraphqlApplicationTests]: class path resource [com/gustavo/estudo/graphql/GraphqlApplicationTests-context.xml] does not exist
16:05:12.940 [Test worker] DEBUG org.springframework.test.context.support.AbstractContextLoader - Did not detect default resource location for test class [com.gustavo.estudo.graphql.GraphqlApplicationTests]: class path resource [com/gustavo/estudo/graphql/GraphqlApplicationTestsContext.groovy] does not exist
16:05:12.941 [Test worker] INFO org.springframework.test.context.support.AbstractContextLoader - Could not detect default resource locations for test class [com.gustavo.estudo.graphql.GraphqlApplicationTests]: no resource found for suffixes {-context.xml, Context.groovy}.
16:05:12.942 [Test worker] INFO org.springframework.test.context.support.AnnotationConfigContextLoaderUtils - Could not detect default configuration classes for test class [com.gustavo.estudo.graphql.GraphqlApplicationTests]: GraphqlApplicationTests does not declare any static, non-private, non-final, nested classes annotated with @Configuration.
16:05:13.016 [Test worker] DEBUG org.springframework.test.context.support.ActiveProfilesUtils - Could not find an 'annotation declaring class' for annotation type [org.springframework.test.context.ActiveProfiles] and class [com.gustavo.estudo.graphql.GraphqlApplicationTests]
16:05:13.099 [Test worker] DEBUG org.springframework.context.annotation.ClassPathScanningCandidateComponentProvider - Identified candidate component class: file [/home/gustavo/Documents/workspace_estudo/graphql/build/classes/java/main/com/gustavo/estudo/graphql/GraphqlApplication.class]
16:05:13.101 [Test worker] INFO org.springframework.boot.test.context.SpringBootTestContextBootstrapper - Found @SpringBootConfiguration com.gustavo.estudo.graphql.GraphqlApplication for test class com.gustavo.estudo.graphql.GraphqlApplicationTests
16:05:13.263 [Test worker] DEBUG org.springframework.boot.test.context.SpringBootTestContextBootstrapper - @TestExecutionListeners is not present for class [com.gustavo.estudo.graphql.GraphqlApplicationTests]: using defaults.
16:05:13.264 [Test worker] INFO org.springframework.boot.test.context.SpringBootTestContextBootstrapper - Loaded default TestExecutionListener class names from location [META-INF/spring.factories]: [org.springframework.boot.test.autoconfigure.restdocs.RestDocsTestExecutionListener, org.springframework.boot.test.autoconfigure.web.client.MockRestServiceServerResetTestExecutionListener, org.springframework.boot.test.autoconfigure.web.servlet.MockMvcPrintOnlyOnFailureTestExecutionListener, org.springframework.boot.test.autoconfigure.web.servlet.WebDriverTestExecutionListener, org.springframework.boot.test.autoconfigure.webservices.client.MockWebServiceServerTestExecutionListener, org.springframework.boot.test.mock.mockito.MockitoTestExecutionListener, org.springframework.boot.test.mock.mockito.ResetMocksTestExecutionListener, org.springframework.test.context.web.ServletTestExecutionListener, org.springframework.test.context.support.DirtiesContextBeforeModesTestExecutionListener, org.springframework.test.context.event.ApplicationEventsTestExecutionListener, org.springframework.test.context.support.DependencyInjectionTestExecutionListener, org.springframework.test.context.support.DirtiesContextTestExecutionListener, org.springframework.test.context.transaction.TransactionalTestExecutionListener, org.springframework.test.context.jdbc.SqlScriptsTestExecutionListener, org.springframework.test.context.event.EventPublishingTestExecutionListener]
16:05:13.277 [Test worker] DEBUG org.springframework.boot.test.context.SpringBootTestContextBootstrapper - Skipping candidate TestExecutionListener [org.springframework.test.context.transaction.TransactionalTestExecutionListener] due to a missing dependency. Specify custom listener classes or make the default listener classes and their required dependencies available. Offending class: [org/springframework/transaction/interceptor/TransactionAttributeSource]
16:05:13.278 [Test worker] DEBUG org.springframework.boot.test.context.SpringBootTestContextBootstrapper - Skipping candidate TestExecutionListener [org.springframework.test.context.jdbc.SqlScriptsTestExecutionListener] due to a missing dependency. Specify custom listener classes or make the default listener classes and their required dependencies available. Offending class: [org/springframework/transaction/interceptor/TransactionAttribute]
16:05:13.278 [Test worker] INFO org.springframework.boot.test.context.SpringBootTestContextBootstrapper - Using TestExecutionListeners: [org.springframework.test.context.web.ServletTestExecutionListener@61884cb1, org.springframework.test.context.support.DirtiesContextBeforeModesTestExecutionListener@75ed9710, org.springframework.test.context.event.ApplicationEventsTestExecutionListener@4fc5e095, org.springframework.boot.test.mock.mockito.MockitoTestExecutionListener@435871cb, org.springframework.boot.test.autoconfigure.SpringBootDependencyInjectionTestExecutionListener@609640d5, org.springframework.test.context.support.DirtiesContextTestExecutionListener@79da1ec0, org.springframework.test.context.event.EventPublishingTestExecutionListener@19fb8826, org.springframework.boot.test.autoconfigure.restdocs.RestDocsTestExecutionListener@192d74fb, org.springframework.boot.test.autoconfigure.web.client.MockRestServiceServerResetTestExecutionListener@4bef0fe3, org.springframework.boot.test.autoconfigure.web.servlet.MockMvcPrintOnlyOnFailureTestExecutionListener@62ea3440, org.springframework.boot.test.autoconfigure.web.servlet.WebDriverTestExecutionListener@27953a83, org.springframework.boot.test.autoconfigure.webservices.client.MockWebServiceServerTestExecutionListener@556d0826, org.springframework.boot.test.mock.mockito.ResetMocksTestExecutionListener@66ce957f]
16:05:13.284 [Test worker] DEBUG org.springframework.test.context.support.AbstractDirtiesContextTestExecutionListener - Before test class: context [DefaultTestContext@295eaa7c testClass = GraphqlApplicationTests, testInstance = [null], testMethod = [null], testException = [null], mergedContextConfiguration = [WebMergedContextConfiguration@3918c187 testClass = GraphqlApplicationTests, locations = '{}', classes = '{class com.gustavo.estudo.graphql.GraphqlApplication}', contextInitializerClasses = '[]', activeProfiles = '{}', propertySourceLocations = '{}', propertySourceProperties = '{org.springframework.boot.test.context.SpringBootTestContextBootstrapper=true}', contextCustomizers = set[org.springframework.boot.test.autoconfigure.actuate.metrics.MetricsExportContextCustomizerFactory$DisableMetricExportContextCustomizer@5a3bc7ed, org.springframework.boot.test.autoconfigure.properties.PropertyMappingContextCustomizer@0, org.springframework.boot.test.autoconfigure.web.servlet.WebDriverContextCustomizerFactory$Customizer@6c4980d3, org.springframework.boot.test.context.filter.ExcludeFilterContextCustomizer@38b27cdc, org.springframework.boot.test.graphql.tester.HttpGraphQlTesterContextCustomizer@7a220c9a, org.springframework.boot.test.json.DuplicateJsonObjectContextCustomizerFactory$DuplicateJsonObjectContextCustomizer@172b013, org.springframework.boot.test.mock.mockito.MockitoContextCustomizer@0, org.springframework.boot.test.web.client.TestRestTemplateContextCustomizer@3d9c13b5, org.springframework.boot.test.context.SpringBootTestArgs@1, org.springframework.boot.test.context.SpringBootTestWebEnvironment@e4487af], resourceBasePath = 'src/main/webapp', contextLoader = 'org.springframework.boot.test.context.SpringBootContextLoader', parent = [null]], attributes = map['org.springframework.test.context.web.ServletTestExecutionListener.activateListener' -> true]], class annotated with @DirtiesContext [false] with mode [null].

  .   ____          _            __ _ _
 /\\ / ___'_ __ _ _(_)_ __  __ _ \ \ \ \
( ( )\___ | '_ | '_| | '_ \/ _` | \ \ \ \
 \\/  ___)| |_)| | | | | || (_| |  ) ) ) )
  '  |____| .__|_| |_|_| |_\__, | / / / /
 =========|_|==============|___/=/_/_/_/
 :: Spring Boot ::               (v2.7.16)

2023-09-26 16:05:13.786  INFO 158640 --- [    Test worker] c.g.e.graphql.GraphqlApplicationTests    : Starting GraphqlApplicationTests using Java 11.0.20.1 on gustavo-Latitude-E5430-non-vPro with PID 158640 (started by gustavo in /home/gustavo/Documents/workspace_estudo/graphql)
2023-09-26 16:05:13.791  INFO 158640 --- [    Test worker] c.g.e.graphql.GraphqlApplicationTests    : No active profile set, falling back to 1 default profile: "default"
2023-09-26 16:05:16.074  INFO 158640 --- [    Test worker] c.g.e.graphql.GraphqlApplicationTests    : Started GraphqlApplicationTests in 2.744 seconds (JVM running for 4.362)
]]></system-out>
  <system-err><![CDATA[]]></system-err>
</testsuite>
